Vivado Simulator 2019.1
Time resolution is 1 ps
13a174eb
235aa4c1669
105c3953cac
17256e9a00f
 15d80642a6
1667821cadb
219ed74a06e
11062884c91
145bed14064
100f400e3d5
213e2a4d6cf
207cef09535
 538e712457
 87723905dd
22149e55c63
 9905b5a7ea
2347123957a
122795a0fec
236bf7c20c9
2014146cd88
136817937f3
243a8144686
1345550fa38
 5694b913cb
20307cacf6e
110a79cd223
 353db731a6
1663d364331
 495277723a
 586033c2b1
1777b3f0315
 21614457ad
1737aae1265
10147469083
1312b2b35f4
2440f3b0c97
151f57f7aa6
1661d2c23e9
2331c279454
 84d02323ed
2376d1b4973
115a3ca4d96
150711e8c3c
 6096a62aee
238b42ff19f
159d836de6f
1119e630057
 87235bad07
  734d895cb
2033809306a
1065a1fbff9
24929d63c8d
1415c388bb9
1851ca96fe7
231e9f2c774
116f3562952
 8224474212
 18fef10a70
112cb488a7b
123488548a4
1648e0100c0
192293dff38
 5679dbdcd8
2163dfca9e7
2314680536a
10631500048
 729c13e0b8
184ae299e73
11590e4b831
 49c19be248
 72fa0cf371
113c694fe6e
1106521583b
 59e99d9e04
  48c7797ed
237b6572a86
134fd9f3e30
 482c11647a
122b6a29176
118e020b8e0
224a978fd0e
 14b8897fb0
176d5e0a023
 353d1a8971
113925419ec
236f439a877
119636135c5
197c265237b
1239e071830
 481d6ab0fd
2533dda4226
 3830196789
13760f7e7a8
1689adc0e9c
156002a39b7
183dc31ac60
 966a70f991
145c2916538
 56b6558d16
 22798e7ae4
228d154f8e9
233a4f1fe33
 51c609aadc
2209fe374ec
236f8ae42e7
23152c99591
1459ad483a0
1608b09a262
 9819e7526d
1095cfd7fec
236ca662a0e
 148ea0e0b6
1823da3759c
1563ccfd8f0
2405bae58d3
211c7720682
1307646a1f0
240e4191995
14901d714e7
23115c40ca4
1649cefc053
 83cfe9fa7f
1270190621e
 300f462abb
18798deeb19
 2595adf223
 3501c79403
  3e9d733b2
1780e76468a
1382478000b
 1130627900
  05d23537a
122e7481efb
2517c3be788
136f44cffce
206532afdf6
24682c331f3
243e776f0e0
224fa838c1c
 282e907e56
 8627669b46
 7029d10c75
1170338501e
 30e3dc0303
  32b655ebd
189630c2021
 33f8130cab
17120a2f08f
14371076552
 82b1799f5d
 93eb4f3fd7
215946dc24f
 799227c120
 32e7c0c939
 5710a5e7fc
252b3c036b0
176bd8fca31
 49a6f6a0d7
2158c701e97
1519ec07dee
23853eb639c
15604c86963
 994d4aaf8f
143bd9e73bc
188b0a17972
114e33a7032
 5000240f9a
1548d8adf17
 2319e17c9d
157c1820f65
1014ee9c873
1158c58590c
 12a7424782
1306ddc608a
1380ee92683
131aea00446
 707e64fa79
1218e2df754
 8439233807
  747a58f00
  03e9246b6
18239860038
 56f2dbd3cf
2070990d814
 2077ed7c64
1003823a93c
 60834a1f07
  77d90ff4e
 783c2a1693
147a8630494
14854c5abc0
192e318ba8f
143fe382a8e
1429b1e1157
 87f43e6343
 679d2c8385
1332d18c901
  196dae7c7
199600431dd
221c628206c
108713b1d07
  754cec74f
 79c1dd0da3
163e720a4e2
22638362aae
17420794670
11286527a1e
 300038b0c3
195933cc811
 17b6724a8f
143fa3c3940
 64c1dd0ed3
211637b3b49
 734b69fca0
160462a4629
 417e3ccf31
 49b242a563
 99db56b46e
1100270901b
 27705c47b6
1820ec7484d
 77803e523e
 621b6f4a1f
 318e8310f0
240c5a619e3
22779c4adc4
1964f5e6d1c
 2856ada75f
 95d2e481b2
1788c31f66c
108d7835088
13617abf5b0
17687f95c18
 24316e0728
 40a69c8c4f
 793a1d47e2
226daf39f73
115c404ee8d
141da096231
 49a0e3380e
 14a1db42a7
167ed508e89
137d2e9281f
 314eb02086
134ce793d1b
 27e329ae07
  7f571eae5
22933244cef
23937203929
 416e3fc51d
 297d8ee318
 247262a83d
 61a6f4843f
 63905c7e70
1129d26097d
1254b6ee4b7
18312153802
  2e1755b86
134e539455a
 90cf48fdbd
1899db352e9
23309008cc3
19577c83f39
 57cc7823a8
1682bc34085
1336c4fed60
 966f9114f7
2479c169237
 555d0080b2
17838fe42bb
1879aaaf3e7
231b749135e
 94db0e4692
146c1180b17
 2393e018c7
1997efc9e93
14729d1a015
 21e39cb63b
 593dcedb19
 25bc634033
 51afa4e02e
 4618d7c74f
 798fffa8a6
166960d7685
1338e01b2fb
2513eb5d383
13163443e24
 366e8fee27
 39050c94de
222a8cf3838
 561b701aff
255e479f058
 881927bde3
227cf06771b
 27e560a434
 52831e608b
13999ac943e
 6239c02d03
  32b009ae6
230f9758c81
129cd0f5a4f
 790527280b
 11b727f77e
126c81e49eb
235a00844e3
227fc1ea70f
 1559014871
11363241677
1198134e7a8
168f990e9b0
176cd7832c6
1981dbb2209
  918bb2db8
18426ffa1cf
2073cb3f4b3
1793cab4dda
218d4d85e5e
 943a1cce27
 399ebe61e0
224e78e75d5
213c718e3c3
195dbf37acc
2042e40459a
1542c466623
 354e016853
 83f67aced1
2094a9f7e3c
 6065226e90
14493582d5f
 95ba3da9c2
1946c787a9f
1597dbb8daa
170719a1114
 201f20fc43
 67732ad25c
 92064871dc
220bd4fc8c6
1981c059e8c
14018822417
 23a83fe21f
 3175e40ca7
1679106753c
 601c31548e
1422bd21c75
117e38e330c
 12382aea39
 5762107fff
25584ee86c0
19252ebf38c
14020e383e1
225f4113a82
130137008a6
1663346db92
14663214d9e
15818e3a092
14672e449f9
249999e2a3d
 61daa3c5e5
22961919f33
 51c7f9058f
143eb791d03
  39281d857
 877aae2348
 7250a4b97e
12618792c9f
159eb180860
 96c3a5f4f8
2483a8e48ba
186d41e0ce4
2284a6cd7f8
248800160a0
16090b8ad29
 41a5a86f47
 710b975bd8
21652d4639c
156316ec128
 409a713a92
1465462155c
 92e9e73c75
117d0915341
 654798def1
2419cca3f23
 35a3ae48e4
22881231524
 363de5c150
 807622629c
156eb77c070
112a4e2de9e
15807c4486c
10833828100
  01477649c
156a0101488
13686f763a9
169a5f02779
1212bc32154
 847ef0601c
 2869669dbf
19165da6a57
 8756360193
14724885325
 37089ee919
 254d5aebf6
24681412793
147e9e73bce
2069b2f1b49
 73172ee5b7
1833e9f3ff1
241cf076c94
1487f60a301
  1c7097f84
1320496d27f
127de4f673f
 6329473b6e
1104be9a0d3
211090896bc
188a4e63a0c
 121dcf410a
 10c014633a
 58c1cf723e
 62f4bf6324
 364efb1ea7
1674eed3949
 733f9091e4
22870708c1a
 2639e047e5
2299cbacaa5
165f2d70b37
 55a3d9dda8
168790e2249
 734682a7fb
2512b45ea79
121ca32e9a6
166757ada40
 64a93de8ed
23730d89514
 2069ea2f7f
127c41d2821
 3318799063
 99fb643cc7
199918e6afd
253e963ff1b
 27564876ec
236f33ac314
 205a83dbdb
219763c7943
 6734fefb1d
 29fd2ab98a
138a539ea78
120e2b6b80d
 138ad0e9d8
2160aca9072
114f13b0692
146283ceafc
252a39e9895
1498054d893
147eee4c47c
124e5e6c7a6
166f975a484
132539af14a
 74f31870c3
195012e05ce
206d95eb720
 32470ec8a6
166ff4c0f60
 96ec8ce8f5
24523fc9388
136464d0124
 36c9144892
1463b395fb5
181cee93d09
  9b1159eef
239d4fa3fec
236a80bd5c8
200e482a12a
 42d2c77902
  2230bcb93
147b255d588
13679c63809
  9cb7a9f1f
 319916f1d3
211ce52aca7
167818deaea
234e74eef2e
 46bd0a7b3c
 60966fc774
116e131ffa8
168799ed386
134c59dd51c
 28808c7a99
153e73f384e
 78d9992cad
173b85d6621
 333d061e3c
 6081ef88e8
2320795231f
 31f574e420
 3218c73134
 528307c7dd
2219f9e074f
 79ddb890ce
2068e7172d4
2129aaaff4f
 7925482cc3
19538a7ee4e
 78c392e134
 520a3fc639
 570007b96a
1067acee916
 220e88d3fb
25123b020a7
167b45605ae
17465e26c60
 960292ab40
 644aade3a9
16920743241
 659af3e430
 4864f7db82
130161c68ac
1726d6032cb
203feef39f7
247da912815
 210b984257
 8779dd9283
13185501aaa
1700c46cb74
1164b2e76e5
2298c1320b9
185fa18b7e0
224c019ad74
116032c8f31
 49d47a70b8
18454b2eb56
 864dbe0546
 7039c0c0d9
21742db541c
 28646c98a4
16433ffbc1e
 301311404e
 78c6b8f000
  0992fa50f
 15470e5492
1461ea014af
17549e9677a
122937164f3
24394d2139c
1567a7772f0
240704e4a71
1139929ea07
  76458dac0
192919ae675
117405edc94
14859cc47e8
23262fafc79
121daa30b99
15323c0c423
 35b51ec074
1161c3f1f20
 3214161c1c
 287c4c56d5
213bdfb478a
138a5895a3f
 635db99044
 68bb2eb8bb
18718af63bb
187283dfff5
24569c731e9
23318eae9a6
1668b61bcb3
17907925b12
 18f4912419
 253669c5e9
233acaac4d4
212a40a03c7
199116a8f9c
15646b03cd5
2138e2a8cdc
2201fc77180
1280a2592d6
2142c0070d3
211f03c3849
 73c0586a32
 50c6ee360a
 101c699a3a
 58bf276e9c
1561bc0765a
 904ac7b13b
 59468ed353
 836993e240
 643d380acf
20786e45277
119cff5c851
 81ae72464a
 74dd7c6317
 2383a2fec0
192419ea3b8
184a8a8c72b
 4383902ff6
2469c0de46e
1106a9fd303
  300c83879
121709c7a90
14459a6382a
 42b2315564
100e304a78d
1414d23b507
  7452c5c13
 1930d8e186
1341a3f72ce
2066827d1c4
19670619b34
 529536eaaa
170ab108391
145c76e04c0
1926cc53bfe
2542ee61ecf
207e11c39ac
17280d37177
119f8f4fa3f
 6351a12d9a
154c19d3172
11434cf3f30
 4880c4c5aa
1701938839d
1578ca5d2ed
2378edf3566
1021cb4c394
148c07306f0
2401c09a9c9
201037bb061
 973dc70948
 72482950cf
20770f38304
  4e480de73
1156c549c9e
158d53698bb
187e13fb8cf
2071bcf6d4e
 78b1e3e028
 4042b233a6
16679e8611d
 29683d2355
 85002cefc3
1959f3cf5e0
22423868ae9
2330856a82a
 42bbdd75d1
20962dc7304
  42e1113a5
16581aa13d3
2113c1889f7
247778b76d6
2146895ce1d
 295865b1d1
2095c7552c4
196c831ca37
 559e5f9d1f
 31b908b95d
 935e01bd7d
1259022d707
  7633a4b2a
 42e346d2a6
166e976d493
147464ccde9
233410ac57c
1247e8c9323
 35944746b4
1801848da01
  12fc5f73c
 60a7856400
  0a0003df0
240dd7c9cb2
178f3a0c1f8
248cf3927c0
192b7f38c06
  6535c3720
 32138c834c
 7638a6c0eb
235855c0941
 65e75d1867
1031b4cedb9
185a81acbbe
1902db8fc04
  4d44c0f92
14649028285
1333c38f7c2
194f96f1154
 841f856d04
  4df731e78
120d252a5d2
2100a65d948
 72ce533e32
 5057f8ef41
 6500000000
  000000000
  0ed0eecea
2340144ca2e
 46658490c7
199de81a7f0
2401d46beae
1749c4c0886
134dd3e4812
 1887b291a9
169dcb6fa48
 7254e0c0ed
2374c4a1c84
1328c61476a
106b4fec013
 19082d8f43
 67f467bc5d
 93e50e8ea1
161d4801e23
 354a7fbda1
161910f0663
 99110c648c
140271b82d2
210d08387f7
24730e8550a
 10531ccf38
 56c42a6e1c
 28fd3cc7ed
237b9142828
 40d0110466
10236530c9c
1565514e0fe
25470f79120
 32919a3306
  6a30ceeb7
1837400413b
 59e59022cd
2058f432937
 55c8224db8
1846ea7dd3c
 603f0c7846
 704e957efd
2536df647c5
19722215191
1459371e124
 36e9e73cc0
19227559956
 86c30ca0ca
202c0198424
 366a9a53c7
19927214b19
 25c0fb057b
123e877e41e
 30f2d4fa7f
1273b98badf
2231c786e21
 33ff164b71
113046e7725
 374e31460e
 1404b7543b
 59eb3867e4
228e096d94e
 78a1a1c7ed
237c741dc41
 659368f05c
 92e45c396e
11072184df3
243d3714632
 50ce9ad23f
 63014955aa
170a4794e87
13527e67377
119f731cc92
146ed780e86
13412a2f3cf
2072333d95a
 9010cb7848
 7238a57f06
  6059412b0
176383d0381
129e4a8f2c7
199b8909df2
2420c94c750
 8047e9e901
  15972ab94
1486eb9f24b
 754dd53a70
1122a6dcc2b
 433cd896c4
19619c13994
1483dff763c
 6076c1f46a
10611c46d31
 49afbf7cd0
208e7c45151
 81a7ac9d7a
122c7e93e6e
1100219725a
 90dcdc41cc
20481618fe3
22780086d52
 828cb1c59d
1573bfc7980
1283c956352
 82a7019e83
13100c7286e
110fae375e0
2240467e6d1
209f57a8203
  339d236a7
167c4f40e24
 36e742f965
101619ab11d
 29f7293fc3
195fff4530f
 1532b0d3f5
245af8c43cc
2048d1fe33c
 60ec930845
 69dbcae649
 733a26f1cf
207b5c7f493
1470d03cc48
 72f46033e4
228d554fe1c
 2883fba63b
 59f3e3ce91
1451b8dbf7e
1268b204942
 666c867360
 962be24f00
  0ce854b3f
 63846e649b
1552935967b
12363e074b0
1765e55ff9f
15917cb2164
100867da160
 96ce3fd74f
 79dac5169d
157413bec76
118e9f7c0fb
25114c93752
 8224180799
1534734e760
 9627ed0a83
131ddbeee18
 24f6a532e9
2333c23c986
13415f9b7e7
231713ad02e
 460d67a6f4
2443d473dc8
2003a9ee241
 656f1a7bb6
1828020470c
 12d998e239
 5760c00049
 73c5e9754f
 79606d8339
 57428f0409
  9c5ec5171
11302e484b2
178f3c4cc0f
 154e33529f
1598e031238
 56dbe3798a
138669699da
218a7fc8a8d
141fd74783f
 634690c67f
127da644782
1306e376024
 365b559ce0
224cb12ff21
 3385480e32
 50c5515f3e
 6226b1915a
 90e1150c0a
 10e70f8e8a
138c87d0752
 82e7763bb8
184d5947e20
 32dde27c2a
 423ca7e749
 733a55ff0f
 15dd34c222
 34777f1cb4
1809dd2e31c
 288504d992
1465211983d
 6136aa3d75
11788b971c8
20034a7e319
 255edf80a7
16781d287bf
191c31fc396
15077b19926
 3800b87272
114b43e9e60
 96d50ef9b8
18407cfe1c6
198b891293d
 616fe7756b
1071a20873c
 608cc95c57
 87df1da410
 16c0f22836
 54e424c165
101033fbee7
23165e580d2
210e3a4ce2a
 421cc87821
 33203b557b
12331b24ce3
227a7d00ca8
1680a3addcc
204928c2cb5
181f6688703
  31c9cb3f3
243c864728a
138eddd4fb9
1853fc811e0
22418039aca
2020424e6e7
231db31009c
1560755aaf8
2482a1f8462
 9837a6a18f
143de5620cd
2059f600407
  7406afde9
23362719308
  8d2833106
  6949f429a
15438c3fba1
16199d3fa1d
 29c9952763
 9928a5d307
  75ac76807
  71f166b8b
13900a61f23
 3522f55e1f
 31e3e4368e
142fc79c618
 24cd663bea
234f29df2b2
178b6d7e923
 359083ed29
 41f98e0d09
  9688657c5
1978bb1439a
1540162c014
 20a7a91f20
 3291678844
 68c1415288
136aa266320
 32a5a9eee9
2336ba7f959
 898cc22979
1212ae871e4
228d53caadc
220a7905c65
101f1e338bf
191d42144a5
165b87d28b3
179b5de7ecf
2073e94612c
 440e724eee
2387ed09f73
11523818854
 8481425055
 8599d29381
1297347c688
1363a5e89f7
2474a85fc77
1194a3f883d
 614e12f241
 659e1c4846
 709244b229
 41c6a14c60
 96e3a70778
1202a14884a
 74838ec2a8
168ed23c518
 24dab13ae0
224c7793d78
1209f9caeff
255fd270377
119fb718bea
234c9e5633c
 60dff11c20
 32f555a5d2
2103ebffcc1
193ac5d1f95
149b45e5f3e
 6242dc609e
158dd19cf29
 41adb7df91
1459a64d250
 80d8cd1e4d
 774cba7f2c
 440481e100
  0867e7a0c
 12857732b4
180c9130ce4
22861884deb
235c10cee90
144c8000e4e
 78627a7a24
 3637133297
151e3d80d20
 32e23be839
 575c1e3796
150f419c76a
106eff7986e
110f1e0fc52
 8218c51dcf
207f491f324
 36f97890a6
166e1fdf35c
 923b27c34a
 743407cf39
 57244162b8
184c30c05fd
253ed18486e
11041c034df
22331760346
 70143570d7
215fb4a4c2c
 44ddf2e4d0
20894a4e601
  1cc7b3f67
1037f20400a
 10f088ca5f
 95e1fb874a
 742723e97e
1264f408adf
223476e7e98
152be7efaf0
240bca59f95
1492fd9a30b
 114eca8fdc
220fe23e55b
 9168ade7fa
2506ca9a3c8
200cde939ae
1742a2b4a35
 53dd871570
1122eff9c23
 3519c4fdf4
244677b9231
 49580a3ae8
232cd28f79b
155d383f293
1471b86ca9f
159ed383987
13582b2d2b4
18091d336c0
19272378ad0
208f18c0354
 84dc8e91da
21833725e95
14914afd3d7
215aa02c605
  54831fd8e
1423bbd15ca
2020669a5f4
244426143c2
194ed1970e7
2319a20c351
 819e600cd5
2138ce0299f
15948b5fe1f
 310c153b18
 24020419a7
167156ae00f
 1550553190
144772c3fbf
19134f30f0e
 1482914729
 41c6c8dfb1
177b33d70ee
2388d4cba59
 8996daa475
1176b84958d
1410730311f
 31ff6538a7
167316bad1f
 31c868e36c
10853cf281f
 31d8b47efe
2549c7642a4
16406923119
 25cd0aad7f
127e002cc22
 3474438083
131291e7ae0
224787b6ed1
209013bb79c
1560a3ccf38
 560b95dc42
 662048c686
1343835fee0
22461547ccf
2074f62d970
112508c643c
 60774672e0
224c4291d6e
110f103c716
 220a381915
 2139a85f98
152463ee234
 52800ec4fb
2516da0a8f7
247983fb1f6
246e065f524
 36b48eeb37
 5502180ee9
2334ecfa902
  2ebc7ef09
  9286ba74a
 741ce3762a
 4203d3fae3
2271f84300f
 152a847374
116ff799e33
 518a7ed6eb
23558a445b2
1782ca469e6
23049358f8b
139387020c0
1929f5c1fc8
20093e55773
1152f18a16c
108c82538dd
221a9b87d62
 9836f39110
 16b47d47e2
22658292239
 578c672485
13396e6f776
118614c1e26
 3863949f5c
 926c415377
119471bbb93
14773e53ba5
165521ce795
14923084e72
114683d639c
1563bddc765
101078aa37e
126e3497032
 5048e99f83
131771fe6e3
227f5dff33d
 6123235ea5
16509672023
 3591352a8e
1421807b7e4
2288c2bf46c
108eb9fe973
1154f6cfc4b
 758e58ea18
 24d18d0329
 41339261a9
169dd1eb1f2
2421d59bb29
 417092b298
152648c1472
114a9e639f7
2471e475269
1053bb46997
1517dab91ac
1723186ddfd
253afdad393
14754c110b3
179c1317a70
11254858ca5
1653ecaaf1c
 288f13f45e
 9490aa9435
 53f1e3390f
 15a0bd43a7
167d1ceed42
 665a7f0e92
14603a90457
 87767acf71
113a4f5db73
115e70e24c7
19938d21c9c
1569ef283db
219dda5b07a
122f639cec8
2002904c7a8
1689a93d343
 677928e57e
1260d7d300e
 1452600e31
 497de476a5
1656a5f47de
2223e5aff56
 8645e8c863
 9952d6a142
 6636030902
  27b010072
114149aa71e
 30d17027ca
20280a4a380
1284b15c783
1313a5d7448
 72a62ae7d3
21173642c25
 37cf7420c1
19315c7316e
1103785607e
126bc9254c4
196be8e7a10
 16e5c329bd
1890371d309
  9e9074680
128e72d009a
1546f0fb47f
127c4a05261
 97c7dd0968
104dc8d866e
1107ae44c95
1493cc94b83
13118422aff
2552c5bae60
 960a8c9333
 51b8253909
  9cf71f9c1
1930682d2e3
2274d53f407
  79c0056c8
20049eefeb9
185486068fc
2526505c46d
1093aff1ce4
228c77e128e
142c0ccc61b
 2767ec4680
128cf535c9f
159363fc1cf
2072329323d
 61da85f35c
 923fcaef3e
 623cd2faa1
1611c4338e0
224858193a0
160ed783d3d
 6182687a59
 8981b34fdf
223e2316f26
 387393c157
 87313f990e
 148e811c27
 39edabd69c
15685ac9c5f
 95f44900bb
1876bac88a4
164b483071c
 28e50f9c11
 17886a2cc5
19705050cf3
243c9794eb2
178aea7f203
  31c158cc4
1967b4ef863
 99144e3250
 80ed34d7e7
231525c4fa1
1613b39526d
109a5c1c8b1
177af23e7ca
202dd68f27f
127c3fc2af3
243297d7bbe
190bff0420e
 14190d1885
133401da7c7
199b62443a8
16824bb48d1
2091e18864c
 768fe4a9fd
2539013ef33
 51d4d0677b
1235c673949
 7332fb04a9
1699f7fd48f
14324f2c4e6
2302e4170bc
188011924b8
1840ce4c8c1
1931c3e59f1
2419bbe45fb
251773cb26e
11064054f2c
 44300e56ff
255f4183939
 578472b315
 2117e16239
 5762292467
103b41ecf7f
12795bc185a
 9074d0e108
  8ea2990db
219959c84db
2199effe01c
 2888c7d169
10530cc2e97
151e919f03e
 62d791ed4b
 75e21467bb
1878336300e
 14702597da
218f53c4f30
 48e3aa8e34
 523d07d890
1441fe51769
1055ccf8377
1190c9b1fd2
2104ddd6714
 20db584528
 40f8236803
  39b0c3578
1206b34d492
146dd3882b8
184737a9eb4
18031b41152
 82021c0365
10108d4e079
121ca85b473
1151bddfce4
2281403e78e
142d4bd3345
 690c64a08a
138e738b703
  3a63fcfb9
185e4330d2a
 42cadc6cd2
2100e08f936
 5439ce015c
 92eb5ebde3
227ae001633
 519a0267dc
220e4809d0a
 101d07e786
1342ca71841
 6501832c20
 32839de477
119adafd307
  74bb43639
 57ead8fcb8
1841b4a837a
122dae7b883
1319e04179c
1563152d007
  75ecf1907
  733466930
 48c98322df
2239dde801c
 28139ca678
120a5c73180
12874608230
 48cfb8923c
 6019959e7e
1267922e42b
 432f1f875b
 914ea9f5f8
248000cb615
 21ff3a9ec0
19222336a9e
1582ab2c4ab
17176b783e4
228649cd333
 51342281e6
230541b878d
14104c70163
 99009ae09e
15800000000
  000000000
  09fa274eb
235844e76d9
21705101832
 50e4c08303
  310e32a7d
1250a15005b
 9129a627b9
18590bd4991
145f4f2dd6e
1103fafd7ef
2396588d3e4
228825c3113
 19d0eb1849
 73e9d3cf74
11650ee8c4f
 79d463e076
118ca6e1cd2
21006d38391
145825c9294
14879eac0b8
184b7fb9a06
  6cd4f192e
 469c82defd
2536e39d9ca
2026aafeee3
227c807c670
1124953fa7a
122de1e04c9
201cc6068bd
18907e709ac
172db886980
1282994e3ad
173a1e300c9
201712e9de6
230ed3102b8
1847154d09f
159e5509749
 7391830049
 7303a5c183
131b80ca76c
108e74070c6
1988458a8de
222c8c9c28e
1428dd2fd76
11840b66480
12832abf7f7
247c83bc52a
 42cbe5139b
155dd9e5130
 48b24ca57f
1270bf368e3
227cf81bc1e
 30777a7220
 3263b24aed
237ecaecacd
2059e2000f0
240fd7ace98
1521c450068
1040c009569
10507708c01
  179a534bf
19139461525
 3749c5a9cf
207df7d608c
1407051d3c4
19653c06d76
11880448391
145bd6e4870
112ca01208d
1416a476eee
238e1b20242
 663fdcf4c9
201985fa491
14532663333
 5142410fbd
1894890f239
 57a87ac802
  24133fd3d
 61ed205b42
 669f711c6c
1088dcd8f4a
 74a1b250a5
16523177094
14886a775f9
249820be32c
 44bfc70db9
185d253c5f9
2496cd2cd97
151c2dca159
 898cb12114
 207a700e1c
 2806a9d57a
1229232d4d9
21791c3930a
 1088c20ff9
249fbc743d5
21391b40db6
1826424d391
145e4947e70
1121176de7d
125d0465281
129e90f3c79
121a588218a
138848269ac
1728c531b20
 32a09cd271
1137a723ca8
168e9e319f4
24465075c4e
 7820f4b3