#-----------------------------------------------------------
# Vivado v2019.1 (64-bit)
# SW Build 2552052 on Fri May 24 14:49:42 MDT 2019
# IP Build 2548770 on Fri May 24 18:01:18 MDT 2019
# Start of session at: Thu Oct 29 00:11:59 2020
# Process ID: 23232
# Current directory: F:/jpeg_encoder/fpga/encoder
# Command line: vivado.exe -gui_launcher_event rodinguilauncherevent26604 F:\jpeg_encoder\fpga\encoder\encoder.xpr
# Log file: F:/jpeg_encoder/fpga/encoder/vivado.log
# Journal file: F:/jpeg_encoder/fpga/encoder\vivado.jou
#-----------------------------------------------------------
start_gui
open_project F:/jpeg_encoder/fpga/encoder/encoder.xpr
INFO: [Project 1-313] Project file moved from 'F:/jpeg_ip_streamer/encoder' since last save.
Scanning sources...
Finished scanning sources
INFO: [IP_Flow 19-234] Refreshing IP repositories
INFO: [IP_Flow 19-1700] Loaded user IP repository 'f:/jpeg_encoder/fpga/encoder'.
INFO: [IP_Flow 19-2313] Loaded Vivado IP repository 'D:/Xilinx/Vivado/2019.1/data/ip'.
update_compile_order -fileset sources_1
reset_project
exit
INFO: [Common 17-206] Exiting Vivado at Thu Oct 29 00:12:20 2020...
