Copyright 1986-2019 Xilinx, Inc. All Rights Reserved.
------------------------------------------------------------------------------------
| Tool Version : Vivado v.2019.1 (win64) Build 2552052 Fri May 24 14:49:42 MDT 2019
| Date         : Wed Oct 28 23:04:09 2020
| Host         : Klein_Workspace running 64-bit major release  (build 9200)
| Command      : upgrade_ip
| Device       : xc7z020clg400-1
------------------------------------------------------------------------------------

Upgrade Log for IP 'encoder_0'

1. Summary
----------

SUCCESS in the upgrade of encoder_0 (xilinx.com:user:jpeg_encoder:1.0) from (Rev. 6) to (Rev. 7)






Copyright 1986-2019 Xilinx, Inc. All Rights Reserved.
------------------------------------------------------------------------------------
| Tool Version : Vivado v.2019.1 (win64) Build 2552052 Fri May 24 14:49:42 MDT 2019
| Date         : Wed Oct 28 18:05:18 2020
| Host         : Klein_Workspace running 64-bit major release  (build 9200)
| Command      : upgrade_ip
| Device       : xc7z020clg400-1
------------------------------------------------------------------------------------

Upgrade Log for IP 'encoder_0'

1. Summary
----------

SUCCESS in the upgrade of encoder_0 (xilinx.com:user:jpeg_encoder:1.0) from (Rev. 5) to (Rev. 6)






Copyright 1986-2019 Xilinx, Inc. All Rights Reserved.
------------------------------------------------------------------------------------
| Tool Version : Vivado v.2019.1 (win64) Build 2552052 Fri May 24 14:49:42 MDT 2019
| Date         : Wed Oct 28 17:45:35 2020
| Host         : Klein_Workspace running 64-bit major release  (build 9200)
| Command      : upgrade_ip
| Device       : xc7z020clg400-1
------------------------------------------------------------------------------------

Upgrade Log for IP 'encoder_0'

1. Summary
----------

SUCCESS in the upgrade of encoder_0 (xilinx.com:user:jpeg_encoder:1.0) from (Rev. 4) to (Rev. 5)






Copyright 1986-2019 Xilinx, Inc. All Rights Reserved.
------------------------------------------------------------------------------------
| Tool Version : Vivado v.2019.1 (win64) Build 2552052 Fri May 24 14:49:42 MDT 2019
| Date         : Wed Oct 28 13:53:50 2020
| Host         : Klein_Workspace running 64-bit major release  (build 9200)
| Command      : upgrade_ip
| Device       : xc7z020clg400-1
------------------------------------------------------------------------------------

Upgrade Log for IP 'encoder_0'

1. Summary
----------

SUCCESS in the upgrade of encoder_0 (xilinx.com:user:jpeg_encoder:1.0) from (Rev. 3) to (Rev. 4)






Copyright 1986-2019 Xilinx, Inc. All Rights Reserved.
------------------------------------------------------------------------------------
| Tool Version : Vivado v.2019.1 (win64) Build 2552052 Fri May 24 14:49:42 MDT 2019
| Date         : Tue Oct 27 22:14:16 2020
| Host         : Klein_Workspace running 64-bit major release  (build 9200)
| Command      : upgrade_ip
| Device       : xc7z020clg400-1
------------------------------------------------------------------------------------

Upgrade Log for IP 'encoder_0'

1. Summary
----------

SUCCESS in the upgrade of encoder_0 (xilinx.com:user:jpeg_encoder:1.0) from (Rev. 2) to (Rev. 3)






Copyright 1986-2019 Xilinx, Inc. All Rights Reserved.
------------------------------------------------------------------------------------
| Tool Version : Vivado v.2019.1 (win64) Build 2552052 Fri May 24 14:49:42 MDT 2019
| Date         : Tue Oct 27 17:46:40 2020
| Host         : Klein_Workspace running 64-bit major release  (build 9200)
| Command      : upgrade_ip
| Device       : xc7z020clg400-1
------------------------------------------------------------------------------------

Upgrade Log for IP 'fdct_0'

1. Summary
----------

SUCCESS in the upgrade of fdct_0 (xilinx.com:user:fdct:1.0) from (Rev. 5) to (Rev. 6)






Copyright 1986-2019 Xilinx, Inc. All Rights Reserved.
------------------------------------------------------------------------------------
| Tool Version : Vivado v.2019.1 (win64) Build 2552052 Fri May 24 14:49:42 MDT 2019
| Date         : Tue Oct 27 17:44:33 2020
| Host         : Klein_Workspace running 64-bit major release  (build 9200)
| Command      : upgrade_ip
| Device       : xc7z020clg400-1
------------------------------------------------------------------------------------

Upgrade Log for IP 'fdct_0'

1. Summary
----------

SUCCESS in the upgrade of fdct_0 (xilinx.com:user:fdct:1.0) from (Rev. 4) to (Rev. 5)






Copyright 1986-2019 Xilinx, Inc. All Rights Reserved.
------------------------------------------------------------------------------------
| Tool Version : Vivado v.2019.1 (win64) Build 2552052 Fri May 24 14:49:42 MDT 2019
| Date         : Tue Oct 27 17:35:50 2020
| Host         : Klein_Workspace running 64-bit major release  (build 9200)
| Command      : upgrade_ip
| Device       : xc7z020clg400-1
------------------------------------------------------------------------------------

Upgrade Log for IP 'fdct_0'

1. Summary
----------

SUCCESS in the upgrade of fdct_0 (xilinx.com:user:fdct:1.0) from (Rev. 3) to (Rev. 4)






Copyright 1986-2019 Xilinx, Inc. All Rights Reserved.
------------------------------------------------------------------------------------
| Tool Version : Vivado v.2019.1 (win64) Build 2552052 Fri May 24 14:49:42 MDT 2019
| Date         : Tue Oct 27 12:30:54 2020
| Host         : Klein_Workspace running 64-bit major release  (build 9200)
| Command      : upgrade_ip
| Device       : xc7z020clg400-1
------------------------------------------------------------------------------------

Upgrade Log for IP 'fdct_0'

1. Summary
----------

SUCCESS in the upgrade of fdct_0 (xilinx.com:user:fdct:1.0) from (Rev. 2) to (Rev. 3)






Copyright 1986-2019 Xilinx, Inc. All Rights Reserved.
------------------------------------------------------------------------------------
| Tool Version : Vivado v.2019.1 (win64) Build 2552052 Fri May 24 14:49:42 MDT 2019
| Date         : Mon Oct 26 21:59:42 2020
| Host         : Klein_Workspace running 64-bit major release  (build 9200)
| Command      : upgrade_ip
| Device       : xc7z020clg400-1
------------------------------------------------------------------------------------

Upgrade Log for IP 'fdct_zigzag_0'

1. Summary
----------

SUCCESS in the upgrade of fdct_zigzag_0 (xilinx.com:user:fdct_zigzag:1.0) from (Rev. 3) to (Rev. 4)






Copyright 1986-2019 Xilinx, Inc. All Rights Reserved.
------------------------------------------------------------------------------------
| Tool Version : Vivado v.2019.1 (win64) Build 2552052 Fri May 24 14:49:42 MDT 2019
| Date         : Mon Oct 26 18:43:04 2020
| Host         : Klein_Workspace running 64-bit major release  (build 9200)
| Command      : upgrade_ip
| Device       : xc7z020clg400-1
------------------------------------------------------------------------------------

Upgrade Log for IP 'fdct_zigzag_0'

1. Summary
----------

SUCCESS in the upgrade of fdct_zigzag_0 (xilinx.com:user:fdct_zigzag:1.0) from (Rev. 2) to (Rev. 3)

