#-----------------------------------------------------------
# Vivado v2019.1 (64-bit)
# SW Build 2552052 on Fri May 24 14:49:42 MDT 2019
# IP Build 2548770 on Fri May 24 18:01:18 MDT 2019
# Start of session at: Wed Oct 28 08:43:20 2020
# Process ID: 27780
# Current directory: F:/jpeg_ip_streamer/jpeg_z7
# Command line: vivado.exe -gui_launcher_event rodinguilauncherevent13764 F:\jpeg_ip_streamer\jpeg_z7\jpeg_z7.xpr
# Log file: F:/jpeg_ip_streamer/jpeg_z7/vivado.log
# Journal file: F:/jpeg_ip_streamer/jpeg_z7\vivado.jou
#-----------------------------------------------------------
start_gui
open_project F:/jpeg_ip_streamer/jpeg_z7/jpeg_z7.xpr
Scanning sources...
Finished scanning sources
INFO: [IP_Flow 19-234] Refreshing IP repositories
INFO: [IP_Flow 19-1700] Loaded user IP repository 'f:/jpeg_ip_streamer/fdct'.
INFO: [IP_Flow 19-1700] Loaded user IP repository 'f:/jpeg_ip_streamer/encoder'.
INFO: [IP_Flow 19-1700] Loaded user IP repository 'f:/jpeg_ip_streamer/zigzag'.
INFO: [IP_Flow 19-2313] Loaded Vivado IP repository 'D:/Xilinx/Vivado/2019.1/data/ip'.
open_project: Time (s): cpu = 00:00:11 ; elapsed = 00:00:15 . Memory (MB): peak = 805.168 ; gain = 104.203
update_compile_order -fileset sources_1
open_hw
connect_hw_server
INFO: [Labtools 27-2285] Connecting to hw_server url TCP:localhost:3121
INFO: [Labtools 27-2222] Launching hw_server...
INFO: [Labtools 27-2221] Launch Output:

****** Xilinx hw_server v2019.1
  **** Build date : May 24 2019 at 15:13:31
    ** Copyright 1986-2019 Xilinx, Inc. All Rights Reserved.


connect_hw_server: Time (s): cpu = 00:00:02 ; elapsed = 00:00:08 . Memory (MB): peak = 971.398 ; gain = 0.000
open_hw_target
INFO: [Labtoolstcl 44-466] Opening hw_target localhost:3121/xilinx_tcf/Digilent/003017A4CA8FA
open_hw_target: Time (s): cpu = 00:00:04 ; elapsed = 00:00:11 . Memory (MB): peak = 2056.926 ; gain = 1085.527
set_property PROGRAM.FILE {F:/jpeg_ip_streamer/jpeg_z7/jpeg_z7.runs/impl_1/jpeg_uart.bit} [get_hw_devices xc7z020_1]
current_hw_device [get_hw_devices xc7z020_1]
refresh_hw_device -update_hw_probes false [lindex [get_hw_devices xc7z020_1] 0]
INFO: [Labtools 27-1435] Device xc7z020 (JTAG device index = 1) is not programmed (DONE status = 0).
ERROR: [Labtoolstcl 44-513] HW Target shutdown. Closing target: localhost:3121/xilinx_tcf/Digilent/003017A4CA8FA
INFO: [Labtoolstcl 44-466] Opening hw_target localhost:3121/xilinx_tcf/Digilent/003017A4CA8FA
WARNING: [Labtoolstcl 44-129] No matching hw_ila_data was found.
INFO: [Labtools 27-1435] Device xc7z020 (JTAG device index = 1) is not programmed (DONE status = 0).
WARNING: [Labtoolstcl 44-129] No matching hw_ila_data was found.
ERROR: [Labtoolstcl 44-513] HW Target shutdown. Closing target: localhost:3121/xilinx_tcf/Digilent/003017A4CA8FA
INFO: [Labtoolstcl 44-466] Opening hw_target localhost:3121/xilinx_tcf/Digilent/003017A4CA8FA
WARNING: [Labtoolstcl 44-129] No matching hw_ila_data was found.
INFO: [Labtools 27-1435] Device xc7z020 (JTAG device index = 1) is not programmed (DONE status = 0).
WARNING: [Labtoolstcl 44-129] No matching hw_ila_data was found.
create_hw_cfgmem -hw_device [lindex [get_hw_devices xc7z020_1] 0] [lindex [get_cfgmem_parts {mt25ql128-qspi-x4-single}] 0]
set_property PROGRAM.BLANK_CHECK  0 [ get_property PROGRAM.HW_CFGMEM [lindex [get_hw_devices xc7z020_1] 0]]
set_property PROGRAM.ERASE  1 [ get_property PROGRAM.HW_CFGMEM [lindex [get_hw_devices xc7z020_1] 0]]
set_property PROGRAM.CFG_PROGRAM  1 [ get_property PROGRAM.HW_CFGMEM [lindex [get_hw_devices xc7z020_1] 0]]
set_property PROGRAM.VERIFY  1 [ get_property PROGRAM.HW_CFGMEM [lindex [get_hw_devices xc7z020_1] 0]]
set_property PROGRAM.CHECKSUM  0 [ get_property PROGRAM.HW_CFGMEM [lindex [get_hw_devices xc7z020_1] 0]]
refresh_hw_device [lindex [get_hw_devices xc7z020_1] 0]
INFO: [Labtools 27-1435] Device xc7z020 (JTAG device index = 1) is not programmed (DONE status = 0).
set_property STEPS.WRITE_BITSTREAM.ARGS.BIN_FILE true [get_runs impl_1]
reset_run impl_1 -prev_step 
launch_runs impl_1 -to_step write_bitstream -jobs 24
INFO: [Vivado 12-4149] The synthesis checkpoint for IP 'F:/jpeg_ip_streamer/jpeg_z7/jpeg_z7.srcs/sources_1/ip/clk_div/clk_div.xci' is already up-to-date
[Wed Oct 28 08:50:14 2020] Launched impl_1...
Run output will be captured here: F:/jpeg_ip_streamer/jpeg_z7/jpeg_z7.runs/impl_1/runme.log
set_property PROGRAM.ADDRESS_RANGE  {use_file} [ get_property PROGRAM.HW_CFGMEM [lindex [get_hw_devices xc7z020_1] 0]]
set_property PROGRAM.FILES [list "F:/jpeg_ip_streamer/jpeg_z7/jpeg_z7.runs/impl_1/jpeg_uart.bin" ] [ get_property PROGRAM.HW_CFGMEM [lindex [get_hw_devices xc7z020_1] 0]]
set_property PROGRAM.BIN_OFFSET {0} [ get_property PROGRAM.HW_CFGMEM [lindex [get_hw_devices xc7z020_1] 0]]
set_property PROGRAM.BLANK_CHECK  0 [ get_property PROGRAM.HW_CFGMEM [lindex [get_hw_devices xc7z020_1] 0]]
set_property PROGRAM.ERASE  1 [ get_property PROGRAM.HW_CFGMEM [lindex [get_hw_devices xc7z020_1] 0]]
set_property PROGRAM.CFG_PROGRAM  1 [ get_property PROGRAM.HW_CFGMEM [lindex [get_hw_devices xc7z020_1] 0]]
set_property PROGRAM.VERIFY  1 [ get_property PROGRAM.HW_CFGMEM [lindex [get_hw_devices xc7z020_1] 0]]
set_property PROGRAM.CHECKSUM  0 [ get_property PROGRAM.HW_CFGMEM [lindex [get_hw_devices xc7z020_1] 0]]
delete_hw_cfgmem [ get_property PROGRAM.HW_CFGMEM [get_hw_devices xc7z020_1 ]]
set_property PROBES.FILE {} [get_hw_devices xc7z020_1]
set_property FULL_PROBES.FILE {} [get_hw_devices xc7z020_1]
set_property PROGRAM.FILE {F:/jpeg_ip_streamer/jpeg_z7/jpeg_z7.runs/impl_1/jpeg_uart.bit} [get_hw_devices xc7z020_1]
program_hw_devices [get_hw_devices xc7z020_1]
INFO: [Labtools 27-3164] End of startup status: HIGH
refresh_hw_device [lindex [get_hw_devices xc7z020_1] 0]
INFO: [Labtools 27-1434] Device xc7z020 (JTAG device index = 1) is programmed with a design that has no supported debug core(s) in it.
reset_run synth_1
WARNING: [Vivado 12-1017] Problems encountered:
1. Failed to delete one or more files in run directory F:/jpeg_ip_streamer/jpeg_z7/jpeg_z7.runs/synth_1

launch_runs impl_1 -to_step write_bitstream -jobs 24
INFO: [Vivado 12-4149] The synthesis checkpoint for IP 'F:/jpeg_ip_streamer/jpeg_z7/jpeg_z7.srcs/sources_1/ip/clk_div/clk_div.xci' is already up-to-date
[Wed Oct 28 09:36:26 2020] Launched synth_1...
Run output will be captured here: F:/jpeg_ip_streamer/jpeg_z7/jpeg_z7.runs/synth_1/runme.log
[Wed Oct 28 09:36:26 2020] Launched impl_1...
Run output will be captured here: F:/jpeg_ip_streamer/jpeg_z7/jpeg_z7.runs/impl_1/runme.log
set_property PROBES.FILE {} [get_hw_devices xc7z020_1]
set_property FULL_PROBES.FILE {} [get_hw_devices xc7z020_1]
set_property PROGRAM.FILE {F:/jpeg_ip_streamer/jpeg_z7/jpeg_z7.runs/impl_1/jpeg_uart.bit} [get_hw_devices xc7z020_1]
program_hw_devices [get_hw_devices xc7z020_1]
INFO: [Labtools 27-3164] End of startup status: HIGH
refresh_hw_device [lindex [get_hw_devices xc7z020_1] 0]
INFO: [Labtools 27-1434] Device xc7z020 (JTAG device index = 1) is programmed with a design that has no supported debug core(s) in it.
refresh_hw_device [lindex [get_hw_devices xc7z020_1] 0]
INFO: [Labtools 27-1434] Device xc7z020 (JTAG device index = 1) is programmed with a design that has no supported debug core(s) in it.
update_ip_catalog -rebuild -scan_changes
INFO: [IP_Flow 19-234] Refreshing IP repositories
INFO: [IP_Flow 19-1700] Loaded user IP repository 'f:/jpeg_ip_streamer/fdct'.
INFO: [IP_Flow 19-1700] Loaded user IP repository 'f:/jpeg_ip_streamer/encoder'.
INFO: [IP_Flow 19-1700] Loaded user IP repository 'f:/jpeg_ip_streamer/zigzag'.
report_ip_status -name ip_status
upgrade_ip -srcset encoder_0 -vlnv xilinx.com:user:jpeg_encoder:1.0 [get_ips  encoder_0] -log ip_upgrade.log
Upgrading 'encoder_0'
WARNING: [Vivado 12-1017] Problems encountered:
1. Failed to delete one or more files in run directory F:/jpeg_ip_streamer/jpeg_z7/jpeg_z7.runs/encoder_0_synth_1

INFO: [Project 1-386] Moving file 'F:/jpeg_ip_streamer/jpeg_z7/jpeg_z7.srcs/sources_1/ip/encoder_0/encoder_0.xci' from fileset 'encoder_0' to fileset 'sources_1'.
INFO: [IP_Flow 19-3422] Upgraded encoder_0 (jpeg_encoder_v1_0 1.0) from revision 3 to revision 4
INFO: [IP_Flow 19-1686] Generating 'Instantiation Template' target for IP 'encoder_0'...
INFO: [Coretcl 2-1525] Wrote upgrade log to 'F:/jpeg_ip_streamer/jpeg_z7/ip_upgrade.log'.
export_ip_user_files -of_objects [get_ips encoder_0] -no_script -sync -force -quiet
report_ip_status -name ip_status 
update_compile_order -fileset sources_1
reset_run synth_1
WARNING: [Vivado 12-1017] Problems encountered:
1. Failed to delete one or more files in run directory F:/jpeg_ip_streamer/jpeg_z7/jpeg_z7.runs/synth_1

launch_runs impl_1 -to_step write_bitstream -jobs 24
INFO: [IP_Flow 19-1686] Generating 'Synthesis' target for IP 'encoder_0'...
INFO: [Vivado 12-4149] The synthesis checkpoint for IP 'F:/jpeg_ip_streamer/jpeg_z7/jpeg_z7.srcs/sources_1/ip/clk_div/clk_div.xci' is already up-to-date
[Wed Oct 28 13:54:01 2020] Launched encoder_0_synth_1, synth_1...
Run output will be captured here:
encoder_0_synth_1: F:/jpeg_ip_streamer/jpeg_z7/jpeg_z7.runs/encoder_0_synth_1/runme.log
synth_1: F:/jpeg_ip_streamer/jpeg_z7/jpeg_z7.runs/synth_1/runme.log
[Wed Oct 28 13:54:01 2020] Launched impl_1...
Run output will be captured here: F:/jpeg_ip_streamer/jpeg_z7/jpeg_z7.runs/impl_1/runme.log
set_property PROBES.FILE {} [get_hw_devices xc7z020_1]
set_property FULL_PROBES.FILE {} [get_hw_devices xc7z020_1]
set_property PROGRAM.FILE {F:/jpeg_ip_streamer/jpeg_z7/jpeg_z7.runs/impl_1/jpeg_uart.bit} [get_hw_devices xc7z020_1]
program_hw_devices [get_hw_devices xc7z020_1]
INFO: [Labtools 27-3164] End of startup status: HIGH
refresh_hw_device [lindex [get_hw_devices xc7z020_1] 0]
INFO: [Labtools 27-1434] Device xc7z020 (JTAG device index = 1) is programmed with a design that has no supported debug core(s) in it.
open_run impl_1
INFO: [Device 21-403] Loading part xc7z020clg400-1
INFO: [Netlist 29-17] Analyzing 892 Unisim elements for replacement
INFO: [Netlist 29-28] Unisim Transformation completed in 0 CPU seconds
INFO: [Project 1-479] Netlist was created with Vivado 2019.1
INFO: [Project 1-570] Preparing netlist for logic optimization
INFO: [Timing 38-478] Restoring timing data from binary archive.
INFO: [Timing 38-479] Binary timing data restore complete.
INFO: [Project 1-856] Restoring constraints from binary archive.
INFO: [Project 1-853] Binary constraint restore complete.
Reading XDEF placement.
Reading placer database...
Reading XDEF routing.
Read XDEF File: Time (s): cpu = 00:00:02 ; elapsed = 00:00:01 . Memory (MB): peak = 3320.332 ; gain = 0.000
Restored from archive | CPU: 2.000000 secs | Memory: 0.000000 MB |
Finished XDEF File Restore: Time (s): cpu = 00:00:02 ; elapsed = 00:00:01 . Memory (MB): peak = 3320.332 ; gain = 0.000
Netlist sorting complete. Time (s): cpu = 00:00:00 ; elapsed = 00:00:00.024 . Memory (MB): peak = 3320.332 ; gain = 0.000
INFO: [Project 1-111] Unisim Transformation Summary:
  A total of 16 instances were transformed.
  RAM64X1S => RAM64X1S (RAMS64E): 16 instances

open_run: Time (s): cpu = 00:00:34 ; elapsed = 00:00:31 . Memory (MB): peak = 3463.863 ; gain = 646.449
open_report: Time (s): cpu = 00:00:17 ; elapsed = 00:00:14 . Memory (MB): peak = 3505.402 ; gain = 34.621
set_property PROBES.FILE {} [get_hw_devices xc7z020_1]
set_property FULL_PROBES.FILE {} [get_hw_devices xc7z020_1]
set_property PROGRAM.FILE {F:/jpeg_ip_streamer/jpeg_z7/jpeg_z7.runs/impl_1/jpeg_uart.bit} [get_hw_devices xc7z020_1]
program_hw_devices [get_hw_devices xc7z020_1]
INFO: [Labtools 27-3164] End of startup status: HIGH
refresh_hw_device [lindex [get_hw_devices xc7z020_1] 0]
INFO: [Labtools 27-1434] Device xc7z020 (JTAG device index = 1) is programmed with a design that has no supported debug core(s) in it.
update_ip_catalog -rebuild -scan_changes
INFO: [IP_Flow 19-234] Refreshing IP repositories
INFO: [IP_Flow 19-1700] Loaded user IP repository 'f:/jpeg_ip_streamer/fdct'.
INFO: [IP_Flow 19-1700] Loaded user IP repository 'f:/jpeg_ip_streamer/encoder'.
INFO: [IP_Flow 19-1700] Loaded user IP repository 'f:/jpeg_ip_streamer/zigzag'.
report_ip_status -name ip_status
upgrade_ip -srcset encoder_0 -vlnv xilinx.com:user:jpeg_encoder:1.0 [get_ips  encoder_0] -log ip_upgrade.log
Upgrading 'encoder_0'
WARNING: [Vivado 12-1017] Problems encountered:
1. Failed to delete one or more files in run directory F:/jpeg_ip_streamer/jpeg_z7/jpeg_z7.runs/encoder_0_synth_1

INFO: [Project 1-386] Moving file 'F:/jpeg_ip_streamer/jpeg_z7/jpeg_z7.srcs/sources_1/ip/encoder_0/encoder_0.xci' from fileset 'encoder_0' to fileset 'sources_1'.
INFO: [IP_Flow 19-3422] Upgraded encoder_0 (jpeg_encoder_v1_0 1.0) from revision 4 to revision 5
INFO: [IP_Flow 19-1686] Generating 'Instantiation Template' target for IP 'encoder_0'...
INFO: [Coretcl 2-1525] Wrote upgrade log to 'F:/jpeg_ip_streamer/jpeg_z7/ip_upgrade.log'.
export_ip_user_files -of_objects [get_ips encoder_0] -no_script -sync -force -quiet
report_ip_status -name ip_status 
update_compile_order -fileset sources_1
close_design
reset_run synth_1
WARNING: [Vivado 12-1017] Problems encountered:
1. Failed to delete one or more files in run directory F:/jpeg_ip_streamer/jpeg_z7/jpeg_z7.runs/synth_1

launch_runs impl_1 -to_step write_bitstream -jobs 24
INFO: [IP_Flow 19-1686] Generating 'Synthesis' target for IP 'encoder_0'...
INFO: [Vivado 12-4149] The synthesis checkpoint for IP 'F:/jpeg_ip_streamer/jpeg_z7/jpeg_z7.srcs/sources_1/ip/clk_div/clk_div.xci' is already up-to-date
[Wed Oct 28 17:45:50 2020] Launched encoder_0_synth_1, synth_1...
Run output will be captured here:
encoder_0_synth_1: F:/jpeg_ip_streamer/jpeg_z7/jpeg_z7.runs/encoder_0_synth_1/runme.log
synth_1: F:/jpeg_ip_streamer/jpeg_z7/jpeg_z7.runs/synth_1/runme.log
[Wed Oct 28 17:45:50 2020] Launched impl_1...
Run output will be captured here: F:/jpeg_ip_streamer/jpeg_z7/jpeg_z7.runs/impl_1/runme.log
set_property PROBES.FILE {} [get_hw_devices xc7z020_1]
set_property FULL_PROBES.FILE {} [get_hw_devices xc7z020_1]
set_property PROGRAM.FILE {F:/jpeg_ip_streamer/jpeg_z7/jpeg_z7.runs/impl_1/jpeg_uart.bit} [get_hw_devices xc7z020_1]
program_hw_devices [get_hw_devices xc7z020_1]
INFO: [Labtools 27-3164] End of startup status: HIGH
refresh_hw_device [lindex [get_hw_devices xc7z020_1] 0]
INFO: [Labtools 27-1434] Device xc7z020 (JTAG device index = 1) is programmed with a design that has no supported debug core(s) in it.
set_property PROBES.FILE {} [get_hw_devices xc7z020_1]
set_property FULL_PROBES.FILE {} [get_hw_devices xc7z020_1]
set_property PROGRAM.FILE {F:/jpeg_ip_streamer/jpeg_z7/jpeg_z7.runs/impl_1/jpeg_uart.bit} [get_hw_devices xc7z020_1]
program_hw_devices [get_hw_devices xc7z020_1]
INFO: [Labtools 27-3164] End of startup status: HIGH
refresh_hw_device [lindex [get_hw_devices xc7z020_1] 0]
INFO: [Labtools 27-1434] Device xc7z020 (JTAG device index = 1) is programmed with a design that has no supported debug core(s) in it.
update_ip_catalog -rebuild -scan_changes
INFO: [IP_Flow 19-234] Refreshing IP repositories
INFO: [IP_Flow 19-1700] Loaded user IP repository 'f:/jpeg_ip_streamer/fdct'.
INFO: [IP_Flow 19-1700] Loaded user IP repository 'f:/jpeg_ip_streamer/encoder'.
INFO: [IP_Flow 19-1700] Loaded user IP repository 'f:/jpeg_ip_streamer/zigzag'.
report_ip_status -name ip_status
upgrade_ip -srcset encoder_0 -vlnv xilinx.com:user:jpeg_encoder:1.0 [get_ips  encoder_0] -log ip_upgrade.log
Upgrading 'encoder_0'
WARNING: [Vivado 12-1017] Problems encountered:
1. Failed to delete one or more files in run directory F:/jpeg_ip_streamer/jpeg_z7/jpeg_z7.runs/encoder_0_synth_1

INFO: [Project 1-386] Moving file 'F:/jpeg_ip_streamer/jpeg_z7/jpeg_z7.srcs/sources_1/ip/encoder_0/encoder_0.xci' from fileset 'encoder_0' to fileset 'sources_1'.
INFO: [IP_Flow 19-3422] Upgraded encoder_0 (jpeg_encoder_v1_0 1.0) from revision 5 to revision 6
INFO: [IP_Flow 19-1686] Generating 'Instantiation Template' target for IP 'encoder_0'...
INFO: [Coretcl 2-1525] Wrote upgrade log to 'F:/jpeg_ip_streamer/jpeg_z7/ip_upgrade.log'.
export_ip_user_files -of_objects [get_ips encoder_0] -no_script -sync -force -quiet
report_ip_status -name ip_status 
update_compile_order -fileset sources_1
reset_run synth_1
WARNING: [Vivado 12-1017] Problems encountered:
1. Failed to delete one or more files in run directory F:/jpeg_ip_streamer/jpeg_z7/jpeg_z7.runs/synth_1

launch_runs impl_1 -to_step write_bitstream -jobs 24
INFO: [IP_Flow 19-1686] Generating 'Synthesis' target for IP 'encoder_0'...
INFO: [Vivado 12-4149] The synthesis checkpoint for IP 'F:/jpeg_ip_streamer/jpeg_z7/jpeg_z7.srcs/sources_1/ip/clk_div/clk_div.xci' is already up-to-date
[Wed Oct 28 18:05:39 2020] Launched encoder_0_synth_1, synth_1...
Run output will be captured here:
encoder_0_synth_1: F:/jpeg_ip_streamer/jpeg_z7/jpeg_z7.runs/encoder_0_synth_1/runme.log
synth_1: F:/jpeg_ip_streamer/jpeg_z7/jpeg_z7.runs/synth_1/runme.log
[Wed Oct 28 18:05:39 2020] Launched impl_1...
Run output will be captured here: F:/jpeg_ip_streamer/jpeg_z7/jpeg_z7.runs/impl_1/runme.log
set_property PROBES.FILE {} [get_hw_devices xc7z020_1]
set_property FULL_PROBES.FILE {} [get_hw_devices xc7z020_1]
set_property PROGRAM.FILE {F:/jpeg_ip_streamer/jpeg_z7/jpeg_z7.runs/impl_1/jpeg_uart.bit} [get_hw_devices xc7z020_1]
program_hw_devices [get_hw_devices xc7z020_1]
INFO: [Labtools 27-3164] End of startup status: HIGH
refresh_hw_device [lindex [get_hw_devices xc7z020_1] 0]
INFO: [Labtools 27-1434] Device xc7z020 (JTAG device index = 1) is programmed with a design that has no supported debug core(s) in it.
exit
INFO: [Common 17-206] Exiting Vivado at Wed Oct 28 21:11:33 2020...
